#INFO: **** input file is /project/lgagliardi/jtejada/examples/LASPrep/H3/r1.5/H3.py ****
from pyscf import gto, scf, mcscf
from pyscf.mcscf import avas
from pyscf.csf_fci import csf_solver
from pyscf.csf_fci.csfstring import count_all_csfs
import numpy as np
import matplotlib.pyplot as plt

def run(b):


    mol = gto.M(
        atom = f'H 0 0 0; H 0 {(3 * b / 4)**(1/2)} {b/2}; H 0 0 {b}',
        basis = 'ccpvdz',
        charge = 0,
        spin = 1,
        verbose = 4,
        max_memory = 40000
    )

    ncas = 3     # Number of active orbitals
    nelecas = 3   # Number of active electrons
    mf = scf.RHF(mol).run()


    #Set up solvers for singlet
    solvers = csf_solver(mol, smult=2)
    solvers.nroots = count_all_csfs(3, 2, 1, 2)
    # Weights
    weights = np.ones(solvers.nroots) / solvers.nroots
    mo_coeff = avas.kernel(mf, ['H 1S'],minao=mol.basis)[2]
    #Run CASSCF
    sing = mcscf.CASSCF(mf, ncas, nelecas)
    sing = mcscf.state_average_mix_(sing, [solvers,], weights)
    sing.kernel(mo_coeff)
    sing_e = sing.e_states[0]

    
    #Set up solvers for triplet
    solvers = csf_solver(mol, smult=4)
    solvers.nroots = count_all_csfs(3, 3, 0, 4)
    # Weights and Coef
    weights = np.ones(solvers.nroots) / solvers.nroots
    mo_coeff = avas.kernel(mf, ['H 1S'],minao=mol.basis)[2]
    #Run CASSCF
    tri = mcscf.CASSCF(mf, ncas, nelecas)
    tri = mcscf.state_average_mix_(tri, [solvers,], weights)
    tri.kernel(mo_coeff)
    tri_e = tri.e_states[0]

    return min(sing_e, tri_e)

r = 1.5
d = (3 ** (1/2)) * r
energy = run(d)

z = np.linspace(0, 2 * np.pi, 100)

# Parametric equations for a circle centered at (0, r)
x = r * np.cos(z)
y = r * np.sin(z) + r

x1 = r * np.cos(np.pi/6)
x2 = -1 * x1
y1 = r * np.sin(np.pi/6) + r

plt.figure(figsize=(5, 5))
plt.plot(x, y, label=f'E = {energy}')
plt.plot(0, 0, marker='o', color='red', markersize=8)
plt.plot(x1, y1, marker='o', color='red', markersize=8)
plt.plot(x2, y1, marker='o', color='red', markersize=8)
plt.gca().set_aspect('equal')  # Equal aspect ratio
plt.title(f'Equilateral Triangle for R={r}')
plt.xlabel('x')
plt.ylabel('y')
plt.grid(True)
plt.legend()
plt.tight_layout()
plt.savefig(f'optGeom{r}.png', dpi=300)
plt.close()#INFO: ******************** input file end ********************


System: uname_result(system='Linux', node='midway3-0033.rcc.local', release='4.18.0-305.3.1.el8.x86_64', version='#1 SMP Tue Jun 1 16:14:33 UTC 2021', machine='x86_64')  Threads 4
Python 3.11.5 (main, Nov 30 2024, 03:04:01) [GCC 13.2.0]
numpy 2.3.1  scipy 1.16.0  h5py 3.14.0
Date: Tue Jul 22 15:22:18 2025
PySCF version 2.9.0
PySCF path  /home/jtejada/summerRotation/lib/python3.11/site-packages/pyscf

[CONFIG] conf_file None
[INPUT] verbose = 4
[INPUT] num. atoms = 3
[INPUT] num. electrons = 3
[INPUT] charge = 0
[INPUT] spin (= nelec alpha-beta = 2S) = 1
[INPUT] symmetry False subgroup None
[INPUT] Mole.unit = angstrom
[INPUT] Symbol           X                Y                Z      unit          X                Y                Z       unit  Magmom
[INPUT]  1 H      0.000000000000   0.000000000000   0.000000000000 AA    0.000000000000   0.000000000000   0.000000000000 Bohr   0.0
[INPUT]  2 H      0.000000000000   1.395907288653   1.299038105677 AA    0.000000000000   2.637882470839   2.454826245103 Bohr   0.0
[INPUT]  3 H      0.000000000000   0.000000000000   2.598076211353 AA    0.000000000000   0.000000000000   4.909652490205 Bohr   0.0

nuclear repulsion = 0.758709534323279
number of shells = 9
number of NR pGTOs = 21
number of NR cGTOs = 15
basis = ccpvdz
ecp = {}
CPU time:         1.29


******** <class 'pyscf.scf.rohf.ROHF'> ********
method = ROHF
initial guess = minao
damping factor = 0
level_shift factor = 0
DIIS = <class 'pyscf.scf.diis.CDIIS'>
diis_start_cycle = 1
diis_space = 8
diis_damp = 0
SCF conv_tol = 1e-09
SCF conv_tol_grad = None
SCF max_cycles = 50
direct_scf = True
direct_scf_tol = 1e-13
chkfile to save SCF result = /scratch/local/jobs/33413767/tmpo_lid4wb
max_memory 40000 MB (current use 101 MB)
num. doubly occ = 1  num. singly occ = 1
Set gradient conv threshold to 3.16228e-05
init E= -1.0030843710302
  HOMO = -0.150299568048998  LUMO = -0.0647554831162956
cycle= 1 E= -1.40942468241924  delta_E= -0.406  |g|= 0.058  |ddm|= 0.754
  HOMO = -0.185606574229416  LUMO = -0.0158255045216659
cycle= 2 E= -1.41218257982794  delta_E= -0.00276  |g|= 0.00925  |ddm|= 0.088
  HOMO = -0.181614654356207  LUMO = -0.00786742906825089
cycle= 3 E= -1.41226688703222  delta_E= -8.43e-05  |g|= 0.0015  |ddm|= 0.0194
  HOMO = -0.180778586523933  LUMO = -0.00795953230328934
cycle= 4 E= -1.41226923231331  delta_E= -2.35e-06  |g|= 0.000199  |ddm|= 0.00319
  HOMO = -0.180898176132943  LUMO = -0.00791306103924396
cycle= 5 E= -1.41226926055321  delta_E= -2.82e-08  |g|= 1.04e-05  |ddm|= 0.000378
  HOMO = -0.180898047514613  LUMO = -0.00791162670899915
cycle= 6 E= -1.41226926061426  delta_E= -6.11e-11  |g|= 5.23e-07  |ddm|= 1.45e-05
  HOMO = -0.180897883505058  LUMO = -0.00791152791078388
Extra cycle  E= -1.41226926061445  delta_E= -1.9e-13  |g|= 1.12e-07  |ddm|= 7.25e-07
converged SCF energy = -1.41226926061445

******** AVAS flags ********
aolabels = ['H 1S']
ncore = 0
minao = ccpvdz
threshold = 0.2
with_iao = False
openshell_option = 2
canonicalize = True

** AVAS **
  Total number of HF MOs  is equal to    15
  Number of occupied HF MOs is equal to  2
reference AO indices for ccpvdz ['H 1S']:
 []
Option 2: threshold 0.2
Active from occupied = 0 , eig []
Inactive from occupied = 2
Active from unoccupied = 0 , eig []
Inactive from unoccupied = 13
Dimensions of active 0
# of alpha electrons 0
# of beta electrons -1

******** <class 'pyscf.mcscf.addons.StateAverageCASSCF'> ********
CAS (2e+1e, 3o), ncore = 0, nvir = 12
max_cycle_macro = 50
max_cycle_micro = 4
conv_tol = 1e-07
conv_tol_grad = None
orbital rotation max_stepsize = 0.02
orbital rotation threshold for CI restart = 0.01
augmented hessian ah_max_cycle = 30
augmented hessian ah_conv_tol = 1e-12
augmented hessian ah_linear dependence = 1e-14
augmented hessian ah_level shift = 1e-08
augmented hessian ah_start_tol = 2.5
augmented hessian ah_start_cycle = 3
augmented hessian ah_grad_trust_region = 3
kf_trust_region = 3
kf_interval = 4
ci_response_space = 4
ci_grad_trust_region = 3
with_dep4 0
natorb = False
canonicalization = True
sorting_mo_energy = False
ao2mo_level = 2
chkfile = /scratch/local/jobs/33413767/tmpo_lid4wb
max_memory 40000 MB (current use 120 MB)
internal_rotation = False
******** <class 'pyscf.mcscf.addons.StateAverageMixFCISolver'> ********
max. cycles = 100
conv_tol = 1e-10
davidson only = False
linear dependence = 1e-14
level shift = 0.001
max iter space = 12
max_memory 40000 MB
nroots = 8
pspace_size = 200
spin = None
State-average over 8 states with weights [0.125 0.125 0.125 0.125 0.125 0.125 0.125 0.125]
CASCI E = -1.19009893715177  S^2 = 0.7500000
Set conv_tol_grad to 0.000316228
macro iter   1 (  8 JK    3 micro), CASSCF E = -1.19345301342743  dE = -3.35407628e-03  S^2 = 0.7500000
               |grad[o]|=0.054  |ddm|=2.34e-16  |maxRot[o]|=0.0509
macro iter   2 (  3 JK    1 micro), CASSCF E = -1.19345324453785  dE = -2.31110422e-07  S^2 = 0.7500000
               |grad[o]|=0.00044  |ddm|=4.48e-16  |maxRot[o]|=0.000324
macro iter   3 (  1 JK    1 micro), CASSCF E = -1.19345324453785  dE =  0.00000000e+00  S^2 = 0.7500000
               |grad[o]|=6.64e-07  |ddm|=3.43e-16  |maxRot[o]|=    0
1-step CASSCF converged in   3 macro ( 12 JK   5 micro) steps
CASSCF canonicalization
Density matrix diagonal elements [1. 1. 1.]
CASSCF energy = -1.19345324453785
CASCI E = -1.19345324453785  E(CI) = -1.95216277886113  S^2 = 0.7500000
CASCI state-averaged energy = -1.19345324453785
CASCI energy for each state
  State 0 weight 0.125  E = -1.49963350933305 S^2 = 0.7500000
  State 1 weight 0.125  E = -1.46782362447665 S^2 = 0.7500000
  State 2 weight 0.125  E = -1.19373263634345 S^2 = 0.7500000
  State 3 weight 0.125  E = -1.161280431722 S^2 = 0.7500000
  State 4 weight 0.125  E = -1.1257120450475 S^2 = 0.7500000
  State 5 weight 0.125  E = -1.10352088318345 S^2 = 0.7500000
  State 6 weight 0.125  E = -1.00813975235615 S^2 = 0.7500000
  State 7 weight 0.125  E = -0.987783073840543 S^2 = 0.7500000

******** AVAS flags ********
aolabels = ['H 1S']
ncore = 0
minao = ccpvdz
threshold = 0.2
with_iao = False
openshell_option = 2
canonicalize = True

** AVAS **
  Total number of HF MOs  is equal to    15
  Number of occupied HF MOs is equal to  2
reference AO indices for ccpvdz ['H 1S']:
 []
Option 2: threshold 0.2
Active from occupied = 0 , eig []
Inactive from occupied = 2
Active from unoccupied = 0 , eig []
Inactive from unoccupied = 13
Dimensions of active 0
# of alpha electrons 0
# of beta electrons -1

******** <class 'pyscf.mcscf.addons.StateAverageCASSCF'> ********
CAS (2e+1e, 3o), ncore = 0, nvir = 12
max_cycle_macro = 50
max_cycle_micro = 4
conv_tol = 1e-07
conv_tol_grad = None
orbital rotation max_stepsize = 0.02
orbital rotation threshold for CI restart = 0.01
augmented hessian ah_max_cycle = 30
augmented hessian ah_conv_tol = 1e-12
augmented hessian ah_linear dependence = 1e-14
augmented hessian ah_level shift = 1e-08
augmented hessian ah_start_tol = 2.5
augmented hessian ah_start_cycle = 3
augmented hessian ah_grad_trust_region = 3
kf_trust_region = 3
kf_interval = 4
ci_response_space = 4
ci_grad_trust_region = 3
with_dep4 0
natorb = False
canonicalization = True
sorting_mo_energy = False
ao2mo_level = 2
chkfile = /scratch/local/jobs/33413767/tmpo_lid4wb
max_memory 40000 MB (current use 135 MB)
internal_rotation = False
******** <class 'pyscf.mcscf.addons.StateAverageMixFCISolver'> ********
max. cycles = 100
conv_tol = 1e-10
davidson only = False
linear dependence = 1e-14
level shift = 0.001
max iter space = 12
max_memory 40000 MB
nroots = 1
pspace_size = 200
spin = None
State-average over 1 states with weights [1.]
CASCI E = -1.44498943738349  S^2 = 3.7500000
Set conv_tol_grad to 0.000316228
macro iter   1 ( 14 JK    4 micro), CASSCF E = -1.47195640429237  dE = -2.69669669e-02  S^2 = 3.7500000
               |grad[o]|=0.136  |ddm|=    0  |maxRot[o]|=0.159
macro iter   2 (  3 JK    1 micro), CASSCF E = -1.47195742735075  dE = -1.02305838e-06  S^2 = 3.7500000
               |grad[o]|=0.00112  |ddm|=    0  |maxRot[o]|=0.000446
macro iter   3 (  1 JK    1 micro), CASSCF E = -1.47195742735075  dE =  0.00000000e+00  S^2 = 3.7500000
               |grad[o]|=2.08e-06  |ddm|=    0  |maxRot[o]|=    0
1-step CASSCF converged in   3 macro ( 18 JK   6 micro) steps
CASSCF canonicalization
Density matrix diagonal elements [1. 1. 1.]
CASSCF energy = -1.47195742735075
CASCI E = -1.47195742735075  E(CI) = -2.23066696167403  S^2 = 3.7500000
CASCI state-averaged energy = -1.47195742735075
CASCI energy for each state
  State 0 weight 1  E = -1.47195742735075 S^2 = 3.7500000
