#INFO: **** input file is /project/lgagliardi/jtejada/examples/LASPrep/H3/r0.3/H3.py ****
from pyscf import gto, scf, mcscf
from pyscf.mcscf import avas
from pyscf.csf_fci import csf_solver
from pyscf.csf_fci.csfstring import count_all_csfs
import numpy as np
import matplotlib.pyplot as plt

def run(b):


    mol = gto.M(
        atom = f'H 0 0 0; H 0 {b * (3 / 4)**(1/2)} {b/2}; H 0 0 {b}',
        basis = 'ccpvdz',
        charge = 0,
        spin = 1,
        verbose = 4,
        max_memory = 40000
    )

    ncas = 3     # Number of active orbitals
    nelecas = 3   # Number of active electrons
    mf = scf.RHF(mol).run()


    #Set up solvers for singlet
    solvers = csf_solver(mol, smult=2)
    solvers.nroots = count_all_csfs(3, 2, 1, 2)
    # Weights
    weights = np.ones(solvers.nroots) / solvers.nroots
    mo_coeff = avas.kernel(mf, ['H 1S'],minao=mol.basis)[2]
    #Run CASSCF
    sing = mcscf.CASSCF(mf, ncas, nelecas)
    sing = mcscf.state_average_mix_(sing, [solvers,], weights)
    sing.kernel(mo_coeff)
    sing_e = sing.e_states[0]

    
    #Set up solvers for triplet
    solvers = csf_solver(mol, smult=4)
    solvers.nroots = count_all_csfs(3, 3, 0, 4)
    # Weights and Coef
    weights = np.ones(solvers.nroots) / solvers.nroots
    mo_coeff = avas.kernel(mf, ['H 1S'],minao=mol.basis)[2]
    #Run CASSCF
    tri = mcscf.CASSCF(mf, ncas, nelecas)
    tri = mcscf.state_average_mix_(tri, [solvers,], weights)
    tri.kernel(mo_coeff)
    tri_e = tri.e_states[0]

    from pyscf.tools import molden

    # Write cube files for each active orbital
    molden.from_mo(mol, f"triangle_0.3.molden", sing.mo_coeff[:, sing.ncore:sing.ncore+sing.ncas])


    return min(sing_e, tri_e)

r = 0.3
d = (3 ** (1/2)) * r
energy = run(d)

z = np.linspace(0, 2 * np.pi, 100)

# Parametric equations for a circle centered at (0, r)
x = r * np.cos(z)
y = r * np.sin(z) + r

x1 = r * np.cos(np.pi/6)
x2 = -1 * x1
y1 = r * np.sin(np.pi/6) + r

plt.figure(figsize=(5, 5))
plt.plot(x, y, label=f'E = {energy}')
plt.plot(0, 0, marker='o', color='red', markersize=8)
plt.plot(x1, y1, marker='o', color='red', markersize=8)
plt.plot(x2, y1, marker='o', color='red', markersize=8)
plt.gca().set_aspect('equal')  # Equal aspect ratio
plt.title(f'Equilateral Triangle for R={r}')
plt.xlabel('x')
plt.ylabel('y')
plt.grid(True)
plt.legend()
plt.tight_layout()
plt.savefig(f'optGeom{r}.png', dpi=300)
plt.close()#INFO: ******************** input file end ********************


System: uname_result(system='Linux', node='midway3-0056.rcc.local', release='4.18.0-305.3.1.el8.x86_64', version='#1 SMP Tue Jun 1 16:14:33 UTC 2021', machine='x86_64')  Threads 4
Python 3.11.5 (main, Nov 30 2024, 03:04:01) [GCC 13.2.0]
numpy 2.3.1  scipy 1.16.0  h5py 3.14.0
Date: Wed Jul 23 13:04:39 2025
PySCF version 2.9.0
PySCF path  /home/jtejada/summerRotation/lib/python3.11/site-packages/pyscf

[CONFIG] conf_file None
[INPUT] verbose = 4
[INPUT] num. atoms = 3
[INPUT] num. electrons = 3
[INPUT] charge = 0
[INPUT] spin (= nelec alpha-beta = 2S) = 1
[INPUT] symmetry False subgroup None
[INPUT] Mole.unit = angstrom
[INPUT] Symbol           X                Y                Z      unit          X                Y                Z       unit  Magmom
[INPUT]  1 H      0.000000000000   0.000000000000   0.000000000000 AA    0.000000000000   0.000000000000   0.000000000000 Bohr   0.0
[INPUT]  2 H      0.000000000000   0.450000000000   0.259807621135 AA    0.000000000000   0.850376756054   0.490965249021 Bohr   0.0
[INPUT]  3 H      0.000000000000   0.000000000000   0.519615242271 AA    0.000000000000   0.000000000000   0.981930498041 Bohr   0.0

nuclear repulsion = 3.05520605173677
number of shells = 9
number of NR pGTOs = 21
number of NR cGTOs = 15
basis = ccpvdz
ecp = {}
CPU time:         1.34


******** <class 'pyscf.scf.rohf.ROHF'> ********
method = ROHF
initial guess = minao
damping factor = 0
level_shift factor = 0
DIIS = <class 'pyscf.scf.diis.CDIIS'>
diis_start_cycle = 1
diis_space = 8
diis_damp = 0
SCF conv_tol = 1e-09
SCF conv_tol_grad = None
SCF max_cycles = 50
direct_scf = True
direct_scf_tol = 1e-13
chkfile to save SCF result = /scratch/local/jobs/33475267/tmpr6f3sxbj
max_memory 40000 MB (current use 101 MB)
num. doubly occ = 1  num. singly occ = 1
Set gradient conv threshold to 3.16228e-05
init E= -1.41159626088325

WARN: HOMO 0.154108184119879 >= LUMO 0.15410818411989

cycle= 1 E= -1.10524230569239  delta_E= 0.306  |g|= 0.264  |ddm|= 13.6
  HOMO = 0.0241338236607399  LUMO = 0.149954797967795
cycle= 2 E= -1.13079619098843  delta_E= -0.0256  |g|= 0.0365  |ddm|= 1.25
  HOMO = 0.0464836554879228  LUMO = 0.169550460843611
cycle= 3 E= -1.13140574386569  delta_E= -0.00061  |g|= 0.00482  |ddm|= 0.149
  HOMO = 0.0449858920722271  LUMO = 0.16821542392655
cycle= 4 E= -1.13142567772802  delta_E= -1.99e-05  |g|= 0.000613  |ddm|= 0.0863
  HOMO = 0.0447380707152755  LUMO = 0.167994295902772
cycle= 5 E= -1.13142633969368  delta_E= -6.62e-07  |g|= 0.000175  |ddm|= 0.0156
  HOMO = 0.0447477932110882  LUMO = 0.167979021516351
cycle= 6 E= -1.13142648547988  delta_E= -1.46e-07  |g|= 8e-05  |ddm|= 0.00991
  HOMO = 0.0447592843972322  LUMO = 0.167981374455222
cycle= 7 E= -1.13142655741733  delta_E= -7.19e-08  |g|= 4.94e-05  |ddm|= 0.012
  HOMO = 0.0447595719592918  LUMO = 0.167981308933174
cycle= 8 E= -1.13142659051247  delta_E= -3.31e-08  |g|= 4.94e-05  |ddm|= 0.00679
  HOMO = 0.0447595673685028  LUMO = 0.167981305924407
cycle= 9 E= -1.13142658971813  delta_E= 7.94e-10  |g|= 4.94e-05  |ddm|= 0.000163
  HOMO = 0.0447594598415582  LUMO = 0.167981232595958
cycle= 10 E= -1.13142657199988  delta_E= 1.77e-08  |g|= 4.94e-05  |ddm|= 0.00364
  HOMO = 0.0447595952058251  LUMO = 0.167981271241082
cycle= 11 E= -1.13142660493132  delta_E= -3.29e-08  |g|= 4.94e-05  |ddm|= 0.00676
  HOMO = 0.0447595830068376  LUMO = 0.167981260165902
cycle= 12 E= -1.1314266036444  delta_E= 1.29e-09  |g|= 4.94e-05  |ddm|= 0.000264
  HOMO = 0.0447596521694688  LUMO = 0.167981320005633
cycle= 13 E= -1.13142660300289  delta_E= 6.42e-10  |g|= 4.94e-05  |ddm|= 0.000132
  HOMO = 0.0447595909195948  LUMO = 0.167981342885656
cycle= 14 E= -1.13142659687917  delta_E= 6.12e-09  |g|= 4.94e-05  |ddm|= 0.00126
  HOMO = 0.0447594594207921  LUMO = 0.167981323927739
cycle= 15 E= -1.13142661341103  delta_E= -1.65e-08  |g|= 4.95e-05  |ddm|= 0.0034
  HOMO = 0.0447556875924708  LUMO = 0.16798182921073
cycle= 16 E= -1.13142628238601  delta_E= 3.31e-07  |g|= 4.93e-05  |ddm|= 0.068
  HOMO = 0.0446845704126882  LUMO = 0.168031823325042
cycle= 17 E= -1.1314245710112  delta_E= 1.71e-06  |g|= 5.72e-05  |ddm|= 0.355
  HOMO = 0.0431637268207513  LUMO = 0.169333433536342
cycle= 18 E= -1.13141744518631  delta_E= 7.13e-06  |g|= 0.000708  |ddm|= 1.51
  HOMO = 0.0426173726241657  LUMO = 0.169808832850356
cycle= 19 E= -1.131415822607  delta_E= 1.62e-06  |g|= 0.000952  |ddm|= 0.333
  HOMO = 0.041080053476251  LUMO = 0.171152608729509
cycle= 20 E= -1.1314116960689  delta_E= 4.13e-06  |g|= 0.00164  |ddm|= 0.742
  HOMO = 0.0375070603701174  LUMO = 0.174280330950418
cycle= 21 E= -1.13140130725855  delta_E= 1.04e-05  |g|= 0.00325  |ddm|= 1.07
  HOMO = 0.0233112937422057  LUMO = 0.186507532267757
cycle= 22 E= -1.13131772089359  delta_E= 8.36e-05  |g|= 0.00964  |ddm|= 2.49
  HOMO = 0.0329266105526648  LUMO = 0.178265083661819
cycle= 23 E= -1.13138281807173  delta_E= -6.51e-05  |g|= 0.00532  |ddm|= 1.22
  HOMO = 0.0330781086643586  LUMO = 0.17813368266348
cycle= 24 E= -1.13138353817849  delta_E= -7.2e-07  |g|= 0.00526  |ddm|= 0.0327
  HOMO = 0.045972389327593  LUMO = 0.166855672633227
cycle= 25 E= -1.13142220922691  delta_E= -3.87e-05  |g|= 0.000572  |ddm|= 4.44
  HOMO = 0.0449009092394964  LUMO = 0.167754205982754
cycle= 26 E= -1.13141543990639  delta_E= 6.77e-06  |g|= 9.51e-05  |ddm|=  1.9
  HOMO = 0.0423908338709591  LUMO = 0.169963231879948
cycle= 27 E= -1.13141189303864  delta_E= 3.55e-06  |g|= 0.00105  |ddm|= 1.75
  HOMO = 0.0429093785820645  LUMO = 0.169505284836675
cycle= 28 E= -1.13141236430139  delta_E= -4.71e-07  |g|= 0.000815  |ddm|= 0.0213
  HOMO = 0.0439511044102302  LUMO = 0.168589054520452
cycle= 29 E= -1.13141385511535  delta_E= -1.49e-06  |g|= 0.000336  |ddm|= 1.06
  HOMO = 0.044440257199813  LUMO = 0.168157843216923
cycle= 30 E= -1.13141412444394  delta_E= -2.69e-07  |g|= 0.000115  |ddm|= 0.0909
  HOMO = 0.0442759385180903  LUMO = 0.168304107021898
cycle= 31 E= -1.13141402695738  delta_E= 9.75e-08  |g|= 0.000189  |ddm|= 0.0407
  HOMO = 0.0441543003007359  LUMO = 0.168408094570469
cycle= 32 E= -1.13141350191509  delta_E= 5.25e-07  |g|= 0.000243  |ddm|= 0.327
  HOMO = 0.0444334251071531  LUMO = 0.168151285372691
cycle= 33 E= -1.13141305153892  delta_E= 4.5e-07  |g|= 0.000115  |ddm|= 0.697
  HOMO = 0.0445365197019083  LUMO = 0.168060877932234
cycle= 34 E= -1.13141305330475  delta_E= -1.77e-09  |g|= 6.63e-05  |ddm|= 0.0929
  HOMO = 0.0446743244253714  LUMO = 0.167938505936443
cycle= 35 E= -1.13141305786566  delta_E= -4.56e-09  |g|= 2.51e-06  |ddm|= 0.011
  HOMO = 0.044693282077752  LUMO = 0.167921731823294
cycle= 36 E= -1.13141305773472  delta_E= 1.31e-10  |g|= 6.28e-06  |ddm|= 0.0107
  HOMO = 0.0446787353527982  LUMO = 0.167933035126741
Extra cycle  E= -1.1314130577738  delta_E= -3.91e-11  |g|= 1.43e-06  |ddm|= 0.000135
converged SCF energy = -1.1314130577738

******** AVAS flags ********
aolabels = ['H 1S']
ncore = 0
minao = ccpvdz
threshold = 0.2
with_iao = False
openshell_option = 2
canonicalize = True

** AVAS **
  Total number of HF MOs  is equal to    15
  Number of occupied HF MOs is equal to  2
reference AO indices for ccpvdz ['H 1S']:
 []
Option 2: threshold 0.2
Active from occupied = 0 , eig []
Inactive from occupied = 2
Active from unoccupied = 0 , eig []
Inactive from unoccupied = 13
Dimensions of active 0
# of alpha electrons 0
# of beta electrons -1

******** <class 'pyscf.mcscf.addons.StateAverageCASSCF'> ********
CAS (2e+1e, 3o), ncore = 0, nvir = 12
max_cycle_macro = 50
max_cycle_micro = 4
conv_tol = 1e-07
conv_tol_grad = None
orbital rotation max_stepsize = 0.02
orbital rotation threshold for CI restart = 0.01
augmented hessian ah_max_cycle = 30
augmented hessian ah_conv_tol = 1e-12
augmented hessian ah_linear dependence = 1e-14
augmented hessian ah_level shift = 1e-08
augmented hessian ah_start_tol = 2.5
augmented hessian ah_start_cycle = 3
augmented hessian ah_grad_trust_region = 3
kf_trust_region = 3
kf_interval = 4
ci_response_space = 4
ci_grad_trust_region = 3
with_dep4 0
natorb = False
canonicalization = True
sorting_mo_energy = False
ao2mo_level = 2
chkfile = /scratch/local/jobs/33475267/tmpr6f3sxbj
max_memory 40000 MB (current use 120 MB)
internal_rotation = False
******** <class 'pyscf.mcscf.addons.StateAverageMixFCISolver'> ********
max. cycles = 100
conv_tol = 1e-10
davidson only = False
linear dependence = 1e-14
level shift = 0.001
max iter space = 12
max_memory 40000 MB
nroots = 8
pspace_size = 200
spin = None
State-average over 8 states with weights [0.125 0.125 0.125 0.125 0.125 0.125 0.125 0.125]
CASCI E = -0.0416483281645063  S^2 = 0.7500000
Set conv_tol_grad to 0.000316228
macro iter   1 ( 18 JK    4 micro), CASSCF E = -0.0983184956067636  dE = -5.66701674e-02  S^2 = 0.7500000
               |grad[o]|=0.214  |ddm|=7.11e-16  |maxRot[o]|=0.247
macro iter   2 (  7 JK    3 micro), CASSCF E = -0.0989733520067103  dE = -6.54856400e-04  S^2 = 0.7500000
               |grad[o]|=0.0242  |ddm|=4.98e-16  |maxRot[o]|=0.0223
macro iter   3 (  3 JK    1 micro), CASSCF E = -0.0989734461611296  dE = -9.41544194e-08  S^2 = 0.7500000
               |grad[o]|=0.000287  |ddm|=5.03e-15  |maxRot[o]|=0.000264
1-step CASSCF converged in   3 macro ( 28 JK   8 micro) steps
CASSCF canonicalization
Density matrix diagonal elements [1. 1. 1.]
CASSCF energy = -0.0989734461611296
CASCI E = -0.0989734461611296  E(CI) = -3.15417949789790  S^2 = 0.7500000
CASCI state-averaged energy = -0.0989734461611296
CASCI energy for each state
  State 0 weight 0.125  E = -1.11344120493299 S^2 = 0.7500000
  State 1 weight 0.125  E = -1.11344117282613 S^2 = 0.7500000
  State 2 weight 0.125  E = -0.190134213556815 S^2 = 0.7500000
  State 3 weight 0.125  E = -0.190133979407646 S^2 = 0.7500000
  State 4 weight 0.125  E = -0.144882917990901 S^2 = 0.7500000
  State 5 weight 0.125  E = -0.112234086949721 S^2 = 0.7500000
  State 6 weight 0.125  E = 1.03623994928511 S^2 = 0.7500000
  State 7 weight 0.125  E = 1.03624005709006 S^2 = 0.7500000

******** AVAS flags ********
aolabels = ['H 1S']
ncore = 0
minao = ccpvdz
threshold = 0.2
with_iao = False
openshell_option = 2
canonicalize = True

** AVAS **
  Total number of HF MOs  is equal to    15
  Number of occupied HF MOs is equal to  2
reference AO indices for ccpvdz ['H 1S']:
 []
Option 2: threshold 0.2
Active from occupied = 0 , eig []
Inactive from occupied = 2
Active from unoccupied = 0 , eig []
Inactive from unoccupied = 13
Dimensions of active 0
# of alpha electrons 0
# of beta electrons -1

******** <class 'pyscf.mcscf.addons.StateAverageCASSCF'> ********
CAS (2e+1e, 3o), ncore = 0, nvir = 12
max_cycle_macro = 50
max_cycle_micro = 4
conv_tol = 1e-07
conv_tol_grad = None
orbital rotation max_stepsize = 0.02
orbital rotation threshold for CI restart = 0.01
augmented hessian ah_max_cycle = 30
augmented hessian ah_conv_tol = 1e-12
augmented hessian ah_linear dependence = 1e-14
augmented hessian ah_level shift = 1e-08
augmented hessian ah_start_tol = 2.5
augmented hessian ah_start_cycle = 3
augmented hessian ah_grad_trust_region = 3
kf_trust_region = 3
kf_interval = 4
ci_response_space = 4
ci_grad_trust_region = 3
with_dep4 0
natorb = False
canonicalization = True
sorting_mo_energy = False
ao2mo_level = 2
chkfile = /scratch/local/jobs/33475267/tmpr6f3sxbj
max_memory 40000 MB (current use 135 MB)
internal_rotation = False
******** <class 'pyscf.mcscf.addons.StateAverageMixFCISolver'> ********
max. cycles = 100
conv_tol = 1e-10
davidson only = False
linear dependence = 1e-14
level shift = 0.001
max iter space = 12
max_memory 40000 MB
nroots = 1
pspace_size = 200
spin = None
State-average over 1 states with weights [1.]
CASCI E = -0.220556498803355  S^2 = 3.7500000
Set conv_tol_grad to 0.000316228
macro iter   1 ( 19 JK    4 micro), CASSCF E = -0.300002073848376  dE = -7.94455750e-02  S^2 = 3.7500000
               |grad[o]|=0.249  |ddm|=    0  |maxRot[o]|=0.276
macro iter   2 (  7 JK    3 micro), CASSCF E = -0.300115598850957  dE = -1.13525003e-04  S^2 = 3.7500000
               |grad[o]|=0.0102  |ddm|=    0  |maxRot[o]|=0.0102
macro iter   3 (  3 JK    1 micro), CASSCF E = -0.300115602335386  dE = -3.48442875e-09  S^2 = 3.7500000
               |grad[o]|=3.93e-05  |ddm|=    0  |maxRot[o]|=0.000124
1-step CASSCF converged in   3 macro ( 29 JK   8 micro) steps
CASSCF canonicalization
Density matrix diagonal elements [1. 1. 1.]
CASSCF energy = -0.300115602335386
CASCI E = -0.300115602335386  E(CI) = -3.35532165407216  S^2 = 3.7500000
CASCI state-averaged energy = -0.300115602335386
CASCI energy for each state
  State 0 weight 1  E = -0.300115602335386 S^2 = 3.7500000
