#INFO: **** input file is /project/lgagliardi/jtejada/examples/LASPrep/H3/r0.7/H3.py ****
from pyscf import gto, scf, mcscf
from pyscf.mcscf import avas
from pyscf.csf_fci import csf_solver
from pyscf.csf_fci.csfstring import count_all_csfs
import numpy as np
import matplotlib.pyplot as plt

def run(b):


    mol = gto.M(
        atom = f'H 0 0 0; H 0 {(3 * b / 4)**(1/2)} {b/2}; H 0 0 {b}',
        basis = 'ccpvdz',
        charge = 0,
        spin = 1,
        verbose = 4,
        max_memory = 40000
    )

    ncas = 3     # Number of active orbitals
    nelecas = 3   # Number of active electrons
    mf = scf.RHF(mol).run()


    #Set up solvers for singlet
    solvers = csf_solver(mol, smult=2)
    solvers.nroots = count_all_csfs(3, 2, 1, 2)
    # Weights
    weights = np.ones(solvers.nroots) / solvers.nroots
    mo_coeff = avas.kernel(mf, ['H 1S'],minao=mol.basis)[2]
    #Run CASSCF
    sing = mcscf.CASSCF(mf, ncas, nelecas)
    sing = mcscf.state_average_mix_(sing, [solvers,], weights)
    sing.kernel(mo_coeff)
    sing_e = sing.e_states[0]

    
    #Set up solvers for triplet
    solvers = csf_solver(mol, smult=4)
    solvers.nroots = count_all_csfs(3, 3, 0, 4)
    # Weights and Coef
    weights = np.ones(solvers.nroots) / solvers.nroots
    mo_coeff = avas.kernel(mf, ['H 1S'],minao=mol.basis)[2]
    #Run CASSCF
    tri = mcscf.CASSCF(mf, ncas, nelecas)
    tri = mcscf.state_average_mix_(tri, [solvers,], weights)
    tri.kernel(mo_coeff)
    tri_e = tri.e_states[0]

    return min(sing_e, tri_e)

r = 0.7
d = (3 ** (1/2)) * r
energy = run(d)

z = np.linspace(0, 2 * np.pi, 100)

# Parametric equations for a circle centered at (0, r)
x = r * np.cos(z)
y = r * np.sin(z) + r

x1 = r * np.cos(np.pi/6)
x2 = -1 * x1
y1 = r * np.sin(np.pi/6) + r

plt.figure(figsize=(5, 5))
plt.plot(x, y, label=f'E = {energy}')
plt.plot(0, 0, marker='o', color='red', markersize=8)
plt.plot(x1, y1, marker='o', color='red', markersize=8)
plt.plot(x2, y1, marker='o', color='red', markersize=8)
plt.gca().set_aspect('equal')  # Equal aspect ratio
plt.title(f'Equilateral Triangle for R={r}')
plt.xlabel('x')
plt.ylabel('y')
plt.grid(True)
plt.legend()
plt.tight_layout()
plt.savefig(f'optGeom{r}.png', dpi=300)
plt.close()#INFO: ******************** input file end ********************


System: uname_result(system='Linux', node='midway3-0033.rcc.local', release='4.18.0-305.3.1.el8.x86_64', version='#1 SMP Tue Jun 1 16:14:33 UTC 2021', machine='x86_64')  Threads 4
Python 3.11.5 (main, Nov 30 2024, 03:04:01) [GCC 13.2.0]
numpy 2.3.1  scipy 1.16.0  h5py 3.14.0
Date: Tue Jul 22 15:21:58 2025
PySCF version 2.9.0
PySCF path  /home/jtejada/summerRotation/lib/python3.11/site-packages/pyscf

[CONFIG] conf_file None
[INPUT] verbose = 4
[INPUT] num. atoms = 3
[INPUT] num. electrons = 3
[INPUT] charge = 0
[INPUT] spin (= nelec alpha-beta = 2S) = 1
[INPUT] symmetry False subgroup None
[INPUT] Mole.unit = angstrom
[INPUT] Symbol           X                Y                Z      unit          X                Y                Z       unit  Magmom
[INPUT]  1 H      0.000000000000   0.000000000000   0.000000000000 AA    0.000000000000   0.000000000000   0.000000000000 Bohr   0.0
[INPUT]  2 H      0.000000000000   0.953586217378   0.606217782649 AA    0.000000000000   1.802016787005   1.145585581048 Bohr   0.0
[INPUT]  3 H      0.000000000000   0.000000000000   1.212435565298 AA    0.000000000000   0.000000000000   2.291171162096 Bohr   0.0

nuclear repulsion = 1.37308173408862
number of shells = 9
number of NR pGTOs = 21
number of NR cGTOs = 15
basis = ccpvdz
ecp = {}
CPU time:         1.30


******** <class 'pyscf.scf.rohf.ROHF'> ********
method = ROHF
initial guess = minao
damping factor = 0
level_shift factor = 0
DIIS = <class 'pyscf.scf.diis.CDIIS'>
diis_start_cycle = 1
diis_space = 8
diis_damp = 0
SCF conv_tol = 1e-09
SCF conv_tol_grad = None
SCF max_cycles = 50
direct_scf = True
direct_scf_tol = 1e-13
chkfile to save SCF result = /scratch/local/jobs/33413763/tmptx6j43a3
max_memory 40000 MB (current use 102 MB)
num. doubly occ = 1  num. singly occ = 1
Set gradient conv threshold to 3.16228e-05
init E= -1.21491954610008
  HOMO = 0.0125311171705542  LUMO = 0.043958561585681
cycle= 1 E= -1.50394974919811  delta_E= -0.289  |g|= 0.108  |ddm|= 1.91
  HOMO = -0.0752413387653447  LUMO = 0.0696826536403307
cycle= 2 E= -1.51108082395083  delta_E= -0.00713  |g|= 0.0103  |ddm|= 0.324
  HOMO = -0.0575017729032844  LUMO = 0.0875877123055965
cycle= 3 E= -1.51117941421221  delta_E= -9.86e-05  |g|= 0.00221  |ddm|= 0.0379
  HOMO = -0.0568444344903769  LUMO = 0.0880621880764336
cycle= 4 E= -1.51118416223531  delta_E= -4.75e-06  |g|= 0.000179  |ddm|= 0.00704
  HOMO = -0.0569449456836236  LUMO = 0.0880673182081134
cycle= 5 E= -1.51118419005822  delta_E= -2.78e-08  |g|= 2.14e-05  |ddm|= 0.000584
  HOMO = -0.0569264890832219  LUMO = 0.0880712811000203
cycle= 6 E= -1.51118419047722  delta_E= -4.19e-10  |g|= 1.77e-06  |ddm|= 9.02e-05
  HOMO = -0.0569262218851597  LUMO = 0.0880715789300128
Extra cycle  E= -1.51118419047973  delta_E= -2.51e-12  |g|= 5.05e-07  |ddm|= 6.13e-06
converged SCF energy = -1.51118419047973

******** AVAS flags ********
aolabels = ['H 1S']
ncore = 0
minao = ccpvdz
threshold = 0.2
with_iao = False
openshell_option = 2
canonicalize = True

** AVAS **
  Total number of HF MOs  is equal to    15
  Number of occupied HF MOs is equal to  2
reference AO indices for ccpvdz ['H 1S']:
 []
Option 2: threshold 0.2
Active from occupied = 0 , eig []
Inactive from occupied = 2
Active from unoccupied = 0 , eig []
Inactive from unoccupied = 13
Dimensions of active 0
# of alpha electrons 0
# of beta electrons -1

******** <class 'pyscf.mcscf.addons.StateAverageCASSCF'> ********
CAS (2e+1e, 3o), ncore = 0, nvir = 12
max_cycle_macro = 50
max_cycle_micro = 4
conv_tol = 1e-07
conv_tol_grad = None
orbital rotation max_stepsize = 0.02
orbital rotation threshold for CI restart = 0.01
augmented hessian ah_max_cycle = 30
augmented hessian ah_conv_tol = 1e-12
augmented hessian ah_linear dependence = 1e-14
augmented hessian ah_level shift = 1e-08
augmented hessian ah_start_tol = 2.5
augmented hessian ah_start_cycle = 3
augmented hessian ah_grad_trust_region = 3
kf_trust_region = 3
kf_interval = 4
ci_response_space = 4
ci_grad_trust_region = 3
with_dep4 0
natorb = False
canonicalization = True
sorting_mo_energy = False
ao2mo_level = 2
chkfile = /scratch/local/jobs/33413763/tmptx6j43a3
max_memory 40000 MB (current use 120 MB)
internal_rotation = False
******** <class 'pyscf.mcscf.addons.StateAverageMixFCISolver'> ********
max. cycles = 100
conv_tol = 1e-10
davidson only = False
linear dependence = 1e-14
level shift = 0.001
max iter space = 12
max_memory 40000 MB
nroots = 8
pspace_size = 200
spin = None
State-average over 8 states with weights [0.125 0.125 0.125 0.125 0.125 0.125 0.125 0.125]
CASCI E = -1.04605403840816  S^2 = 0.7500000
Set conv_tol_grad to 0.000316228
macro iter   1 ( 12 JK    3 micro), CASSCF E = -1.06234951063825  dE = -1.62954722e-02  S^2 = 0.7500000
               |grad[o]|=0.117  |ddm|=1.53e-15  |maxRot[o]|=0.142
macro iter   2 (  3 JK    1 micro), CASSCF E = -1.06237754182196  dE = -2.80311837e-05  S^2 = 0.7500000
               |grad[o]|=0.00502  |ddm|=4.21e-16  |maxRot[o]|=0.00522
macro iter   3 (  1 JK    1 micro), CASSCF E = -1.06237754182196  dE =  0.00000000e+00  S^2 = 0.7500000
               |grad[o]|=9.63e-06  |ddm|=4.07e-16  |maxRot[o]|=    0
1-step CASSCF converged in   3 macro ( 16 JK   5 micro) steps
CASSCF canonicalization
Density matrix diagonal elements [1. 1. 1.]
CASSCF energy = -1.06237754182196
CASCI E = -1.06237754182196  E(CI) = -2.43545927591058  S^2 = 0.7500000
CASCI state-averaged energy = -1.06237754182196
CASCI energy for each state
  State 0 weight 0.125  E = -1.52772110601597 S^2 = 0.7500000
  State 1 weight 0.125  E = -1.50144822968923 S^2 = 0.7500000
  State 2 weight 0.125  E = -1.11574864691342 S^2 = 0.7500000
  State 3 weight 0.125  E = -1.10072180472345 S^2 = 0.7500000
  State 4 weight 0.125  E = -1.0307816740112 S^2 = 0.7500000
  State 5 weight 0.125  E = -0.988022514335185 S^2 = 0.7500000
  State 6 weight 0.125  E = -0.625970450347247 S^2 = 0.7500000
  State 7 weight 0.125  E = -0.608605908539982 S^2 = 0.7500000

******** AVAS flags ********
aolabels = ['H 1S']
ncore = 0
minao = ccpvdz
threshold = 0.2
with_iao = False
openshell_option = 2
canonicalize = True

** AVAS **
  Total number of HF MOs  is equal to    15
  Number of occupied HF MOs is equal to  2
reference AO indices for ccpvdz ['H 1S']:
 []
Option 2: threshold 0.2
Active from occupied = 0 , eig []
Inactive from occupied = 2
Active from unoccupied = 0 , eig []
Inactive from unoccupied = 13
Dimensions of active 0
# of alpha electrons 0
# of beta electrons -1

******** <class 'pyscf.mcscf.addons.StateAverageCASSCF'> ********
CAS (2e+1e, 3o), ncore = 0, nvir = 12
max_cycle_macro = 50
max_cycle_micro = 4
conv_tol = 1e-07
conv_tol_grad = None
orbital rotation max_stepsize = 0.02
orbital rotation threshold for CI restart = 0.01
augmented hessian ah_max_cycle = 30
augmented hessian ah_conv_tol = 1e-12
augmented hessian ah_linear dependence = 1e-14
augmented hessian ah_level shift = 1e-08
augmented hessian ah_start_tol = 2.5
augmented hessian ah_start_cycle = 3
augmented hessian ah_grad_trust_region = 3
kf_trust_region = 3
kf_interval = 4
ci_response_space = 4
ci_grad_trust_region = 3
with_dep4 0
natorb = False
canonicalization = True
sorting_mo_energy = False
ao2mo_level = 2
chkfile = /scratch/local/jobs/33413763/tmptx6j43a3
max_memory 40000 MB (current use 135 MB)
internal_rotation = False
******** <class 'pyscf.mcscf.addons.StateAverageMixFCISolver'> ********
max. cycles = 100
conv_tol = 1e-10
davidson only = False
linear dependence = 1e-14
level shift = 0.001
max iter space = 12
max_memory 40000 MB
nroots = 1
pspace_size = 200
spin = None
State-average over 1 states with weights [1.]
CASCI E = -1.24674669626873  S^2 = 3.7500000
Set conv_tol_grad to 0.000316228
macro iter   1 ( 17 JK    4 micro), CASSCF E = -1.29298328511662  dE = -4.62365888e-02  S^2 = 3.7500000
               |grad[o]|=0.177  |ddm|=    0  |maxRot[o]|=0.232
macro iter   2 (  5 JK    2 micro), CASSCF E = -1.29302952005943  dE = -4.62349428e-05  S^2 = 3.7500000
               |grad[o]|=0.00682  |ddm|=    0  |maxRot[o]|=0.00501
macro iter   3 (  1 JK    1 micro), CASSCF E = -1.29302952005943  dE =  0.00000000e+00  S^2 = 3.7500000
               |grad[o]|=1.29e-05  |ddm|=    0  |maxRot[o]|=    0
1-step CASSCF converged in   3 macro ( 23 JK   7 micro) steps
CASSCF canonicalization
Density matrix diagonal elements [1. 1. 1.]
CASSCF energy = -1.29302952005943
CASCI E = -1.29302952005943  E(CI) = -2.66611125414805  S^2 = 3.7500000
CASCI state-averaged energy = -1.29302952005943
CASCI energy for each state
  State 0 weight 1  E = -1.29302952005943 S^2 = 3.7500000
